[17:16:35] [INFO ] [Krobot] Starting Krobot v1.0.0
[17:16:35] [INFO ] [Krobot] Loading JDA...
[17:16:58] [INFO ] [Krobot] Creating app...
[17:16:59] [INFO ] [Krobot] Loading app...
[17:16:59] [INFO ] [Krobot] -> Started
[17:37:47] [INFO ] [Krobot] Starting Krobot v1.0.0
[17:37:47] [DEBUG] [Krobot] Loading bot java.lang.Class
[17:37:47] [INFO ] [Krobot] Loading JDA...
[17:38:01] [INFO ] [Krobot] Starting Krobot v1.0.0
[17:38:01] [DEBUG] [Krobot] Loading bot fr.litarvan.testbot.TestBot
[17:38:01] [INFO ] [Krobot] Loading JDA...
[17:38:27] [INFO ] [Krobot] Creating app...
[17:38:27] [INFO ] [Krobot] Loading app...
[17:38:27] [INFO ] [CommandManager] Registered command ->
#test     <messagestring>    <nbnumber>    [optuser...]
[17:38:27] [INFO ] [CommandManager] Registered command ->
#version 
[17:38:27] [INFO ] [ConfigProvider] Loaded config -> main (/home/litarvan/Documents/Projets/Krobot/New/krobot/config/main.json)
[17:38:27] [INFO ] [ConfigProvider] Loaded config -> test (/home/litarvan/Documents/Projets/Krobot/New/krobot/config/test.json)
[17:38:27] [INFO ] [Krobot] -> Started
[17:40:59] [INFO ] [Krobot] Starting Krobot v1.0.0
[17:40:59] [DEBUG] [Krobot] Loading bot fr.litarvan.testbot.TestBot
[17:40:59] [INFO ] [Krobot] Loading JDA...
[17:41:02] [INFO ] [Krobot] Creating app...
[17:41:02] [INFO ] [Krobot] Loading app...
[17:41:02] [INFO ] [TestBot] Loading TestBot v1.0.0
[17:41:02] [INFO ] [CommandManager] Registered command ->     #test <messagestring><nbnumber>[optuser...]
[17:41:02] [INFO ] [CommandManager] Registered command ->     #version 
[17:41:02] [INFO ] [ConfigProvider] Loaded config -> main (/home/litarvan/Documents/Projets/Krobot/New/krobot/config/main.json)
[17:41:02] [INFO ] [ConfigProvider] Loaded config -> test (/home/litarvan/Documents/Projets/Krobot/New/krobot/config/test.json)
[17:41:02] [INFO ] [TestBot] -> Loaded
[17:41:02] [INFO ] [Krobot] -> Started
[17:41:30] [INFO ] [Krobot] Starting Krobot v1.0.0
[17:41:30] [DEBUG] [Krobot] Loading bot fr.litarvan.testbot.TestBot
[17:41:30] [INFO ] [Krobot] Loading JDA...
[17:41:34] [INFO ] [Krobot] Creating app...
[17:41:34] [INFO ] [Krobot] Loading app...
[17:41:34] [INFO ] [TestBot] Loading TestBot v1.0.0
[17:41:34] [INFO ] [CommandManager] Registered command -> #test <messagestring><nbnumber>[optuser...]
[17:41:34] [INFO ] [CommandManager] Registered command -> #version 
[17:41:34] [INFO ] [ConfigProvider] Loaded config -> main (/home/litarvan/Documents/Projets/Krobot/New/krobot/config/main.json)
[17:41:34] [INFO ] [ConfigProvider] Loaded config -> test (/home/litarvan/Documents/Projets/Krobot/New/krobot/config/test.json)
[17:41:34] [INFO ] [TestBot] -> Loaded
[17:41:34] [INFO ] [Krobot] -> Started
[18:23:02] [INFO ] [Krobot]                               
[18:23:02] [INFO ] [Krobot]      .:::::.         -::::::- 
[18:23:02] [INFO ] [Krobot]      hMMMMM:      -dMMMMMMs`  
[18:23:02] [INFO ] [Krobot]     +MMMMMs     oNMMMMMd-     
[18:23:02] [INFO ] [Krobot]    .MMMMMm   -dMMMMMN+        
[18:23:02] [INFO ] [Krobot]    +MMMMMo.yMMMMMNo`          
[18:23:02] [INFO ] [Krobot]    dMMMMMyMMMMMMy`            
[18:23:02] [INFO ] [Krobot]   oMMMMMMMMMMMMMMy            
[18:23:02] [INFO ] [Krobot]   mMMMMMMNs-mMMMMMo           
[18:23:02] [INFO ] [Krobot]  -MMMMMNo`  .NMMMMM+          
[18:23:02] [INFO ] [Krobot] MMMMMd        yMMMMMN.        
[18:23:02] [INFO ] [Krobot] MMMMM+        `dMMMMMd`       
[18:23:02] [INFO ] [Krobot] +++++`         `++++++-       
[18:23:02] [INFO ] [Krobot]                               
[18:23:02] [INFO ] [Krobot] Starting Krobot v1.0.0
[18:23:02] [DEBUG] [Krobot] Using bot fr.litarvan.testbot.TestBot
[18:23:02] [INFO ] [Krobot] Loading JDA...

[18:23:05] [INFO ] [Krobot] Creating app...
[18:23:06] [INFO ] [Krobot] Loading app...

[18:23:06] [INFO ] [TestBot] Loading TestBot v1.0.0
[18:23:06] [INFO ] [CommandManager] Registered command -> #test <messagestring><nbnumber>[optuser...]
[18:23:06] [INFO ] [CommandManager] Registered command -> #version 
[18:23:06] [INFO ] [ConfigProvider] Loaded config -> main (/home/litarvan/Documents/Projets/Krobot/New/krobot/config/main.json)
[18:23:06] [INFO ] [ConfigProvider] Loaded config -> test (/home/litarvan/Documents/Projets/Krobot/New/krobot/config/test.json)
[18:23:06] [INFO ] [TestBot] -> Loaded
[18:23:06] [INFO ] [Krobot] -> Started
[18:23:55] [INFO ] [Krobot]                               
[18:23:55] [INFO ] [Krobot]      .:::::.         -::::::- 
[18:23:55] [INFO ] [Krobot]      hMMMMM:      -dMMMMMMs`  
[18:23:55] [INFO ] [Krobot]     +MMMMMs     oNMMMMMd-     
[18:23:55] [INFO ] [Krobot]    .MMMMMm   -dMMMMMN+        
[18:23:55] [INFO ] [Krobot]    +MMMMMo.yMMMMMNo`          
[18:23:55] [INFO ] [Krobot]    dMMMMMyMMMMMMy`            
[18:23:55] [INFO ] [Krobot]   oMMMMMMMMMMMMMMy            
[18:23:55] [INFO ] [Krobot]   mMMMMMMNs-mMMMMMo           
[18:23:55] [INFO ] [Krobot]  -MMMMMNo`  .NMMMMM+          
[18:23:55] [INFO ] [Krobot] MMMMMd        yMMMMMN.        
[18:23:55] [INFO ] [Krobot] MMMMM+        `dMMMMMd`       
[18:23:55] [INFO ] [Krobot] +++++`         `++++++-       
[18:23:55] [INFO ] [Krobot]                               
[18:23:55] [INFO ] [Krobot] Starting Krobot v1.0.0
[18:23:55] [DEBUG] [Krobot] Using bot fr.litarvan.testbot.TestBot
[18:23:55] [INFO ] [Krobot] Loading JDA...

[18:24:15] [INFO ] [Krobot]                                      
[18:24:15] [INFO ] [Krobot]          .:::::.         -::::::-    
[18:24:15] [INFO ] [Krobot]          hMMMMM:      -dMMMMMMs`     
[18:24:15] [INFO ] [Krobot]         +MMMMMs     oNMMMMMd-        
[18:24:15] [INFO ] [Krobot]        .MMMMMm   -dMMMMMN+           
[18:24:15] [INFO ] [Krobot]        +MMMMMo.yMMMMMNo`             
[18:24:15] [INFO ] [Krobot]        dMMMMMyMMMMMMy`               
[18:24:15] [INFO ] [Krobot]       oMMMMMMMMMMMMMMy               
[18:24:15] [INFO ] [Krobot]       mMMMMMMNs-mMMMMMo              
[18:24:15] [INFO ] [Krobot]      -MMMMMNo`  .NMMMMM+             
[18:24:15] [INFO ] [Krobot]     MMMMMd        yMMMMMN.           
[18:24:15] [INFO ] [Krobot]     MMMMM+        `dMMMMMd`          
[18:24:15] [INFO ] [Krobot]     +++++`         `++++++-          
[18:24:15] [INFO ] [Krobot]                                      
[18:24:15] [INFO ] [Krobot] Starting Krobot v1.0.0
[18:24:15] [DEBUG] [Krobot] Using bot fr.litarvan.testbot.TestBot
[18:24:15] [INFO ] [Krobot] Loading JDA...

[18:24:19] [INFO ] [Krobot] Creating app...
[18:24:19] [INFO ] [Krobot] Loading app...

[18:24:19] [INFO ] [TestBot] Loading TestBot v1.0.0
[18:24:19] [INFO ] [CommandManager] Registered command -> #test <message:string> <nb:number> [opt:user...] 
[18:24:19] [INFO ] [CommandManager] Registered command -> #version 
[18:24:19] [INFO ] [ConfigProvider] Loaded config -> main (/home/litarvan/Documents/Projets/Krobot/New/krobot/config/main.json)
[18:24:19] [INFO ] [ConfigProvider] Loaded config -> test (/home/litarvan/Documents/Projets/Krobot/New/krobot/config/test.json)
[18:24:19] [INFO ] [TestBot] -> Loaded
[18:24:19] [INFO ] [Krobot] -> Started
[18:24:57] [INFO ] [Krobot]                                      
[18:24:57] [INFO ] [Krobot]          .:::::.         -::::::-    
[18:24:57] [INFO ] [Krobot]          hMMMMM:      -dMMMMMMs`     
[18:24:57] [INFO ] [Krobot]         +MMMMMs     oNMMMMMd-        
[18:24:57] [INFO ] [Krobot]        .MMMMMm   -dMMMMMN+           
[18:24:57] [INFO ] [Krobot]        +MMMMMo.yMMMMMNo`             
[18:24:57] [INFO ] [Krobot]        dMMMMMyMMMMMMy`               
[18:24:57] [INFO ] [Krobot]       oMMMMMMMMMMMMMMy               
[18:24:57] [INFO ] [Krobot]       mMMMMMMNs-mMMMMMo              
[18:24:57] [INFO ] [Krobot]      -MMMMMNo`  .NMMMMM+             
[18:24:57] [INFO ] [Krobot]     sMMMMMd       yMMMMMN.           
[18:24:57] [INFO ] [Krobot]    sMMMMM+        `dMMMMMd`          
[18:24:57] [INFO ] [Krobot]    /+++++`         `++++++-          
[18:24:57] [INFO ] [Krobot]                                      
[18:24:57] [INFO ] [Krobot] Starting Krobot v1.0.0
[18:24:57] [DEBUG] [Krobot] Using bot fr.litarvan.testbot.TestBot
[18:24:57] [INFO ] [Krobot] Loading JDA...

[18:25:01] [INFO ] [Krobot] Creating app...
[18:25:01] [INFO ] [Krobot] Loading app...

[18:25:01] [INFO ] [TestBot] Loading TestBot v1.0.0
[18:25:01] [INFO ] [CommandManager] Registered command -> #test <message:string> <nb:number> [opt:user...] 
[18:25:01] [INFO ] [CommandManager] Registered command -> #version 
[18:25:01] [INFO ] [ConfigProvider] Loaded config -> main (/home/litarvan/Documents/Projets/Krobot/New/krobot/config/main.json)
[18:25:01] [INFO ] [ConfigProvider] Loaded config -> test (/home/litarvan/Documents/Projets/Krobot/New/krobot/config/test.json)
[18:25:01] [INFO ] [TestBot] -> Loaded
[18:25:01] [INFO ] [Krobot] -> Started
[18:25:35] [INFO ] [Krobot]                                      
[18:25:35] [INFO ] [Krobot]          .:::::.         -::::::-    
[18:25:35] [INFO ] [Krobot]          hMMMMM:      -dMMMMMMs`     
[18:25:35] [INFO ] [Krobot]         +MMMMMs     oNMMMMMd-        
[18:25:35] [INFO ] [Krobot]        .MMMMMm   -dMMMMMN+           
[18:25:35] [INFO ] [Krobot]        +MMMMMo.yMMMMMNo`             
[18:25:35] [INFO ] [Krobot]        dMMMMMyMMMMMMy`               
[18:25:35] [INFO ] [Krobot]       oMMMMMMMMMMMMMMy               
[18:25:35] [INFO ] [Krobot]       mMMMMMMNs-mMMMMMo              
[18:25:35] [INFO ] [Krobot]      -MMMMMNo`  .NMMMMM+             
[18:25:35] [INFO ] [Krobot]     sMMMMMd       yMMMMMN.           
[18:25:35] [INFO ] [Krobot]    sMMMMM+        `dMMMMMd`          
[18:25:35] [INFO ] [Krobot]    /+++++`         `++++++-          
[18:25:35] [INFO ] [Krobot]                                      
[18:25:35] [INFO ] [Krobot] Starting Krobot v1.0.0
[18:25:35] [DEBUG] [Krobot] Using bot fr.litarvan.testbot.TestBot
[18:25:35] [INFO ] [Krobot] Loading JDA...

[18:25:39] [INFO ] [Krobot] Creating app...
[18:25:40] [INFO ] [Krobot] Loading app...

[18:25:40] [INFO ] [TestBot] Loading TestBot v1.0.0
[18:25:40] [INFO ] [CommandManager] Registered command -> #test <message:string> <nb:number> [opt:user...] 
[18:25:40] [INFO ] [CommandManager] Registered command -> #version 
[18:25:40] [INFO ] [ConfigProvider] Loaded config -> main (/home/litarvan/Documents/Projets/Krobot/New/krobot/config/main.json)
[18:25:40] [INFO ] [ConfigProvider] Loaded config -> test (/home/litarvan/Documents/Projets/Krobot/New/krobot/config/test.json)
[18:25:40] [INFO ] [TestBot] -> Loaded
[18:25:40] [INFO ] [Krobot] -> Started

[18:26:02] [DEBUG] [Command] Parsing command call for -> #test
[18:26:02] [DEBUG] [Command] Sub command detected -> moche
[18:26:02] [DEBUG] [Command] Parsing command call for -> moche
[18:26:02] [DEBUG] [Command] Handling call of -> moche | with args -> {}
[18:26:56] [DEBUG] [Command] Parsing command call for -> #test
[18:30:37] [INFO ] [Krobot]                                      
[18:30:37] [INFO ] [Krobot]          .:::::.         -::::::-    
[18:30:37] [INFO ] [Krobot]          hMMMMM:      -dMMMMMMs`     
[18:30:37] [INFO ] [Krobot]         +MMMMMs     oNMMMMMd-        
[18:30:37] [INFO ] [Krobot]        .MMMMMm   -dMMMMMN+           
[18:30:37] [INFO ] [Krobot]        +MMMMMo.yMMMMMNo`             
[18:30:37] [INFO ] [Krobot]        dMMMMMyMMMMMMy`               
[18:30:37] [INFO ] [Krobot]       oMMMMMMMMMMMMMMy               
[18:30:37] [INFO ] [Krobot]       mMMMMMMNs-mMMMMMo              
[18:30:37] [INFO ] [Krobot]      -MMMMMNo`  .NMMMMM+             
[18:30:37] [INFO ] [Krobot]     sMMMMMd       yMMMMMN.           
[18:30:37] [INFO ] [Krobot]    sMMMMM+        `dMMMMMd`          
[18:30:37] [INFO ] [Krobot]    /+++++`         `++++++-          
[18:30:37] [INFO ] [Krobot]                                      
[18:30:37] [INFO ] [Krobot] Starting Krobot v1.0.0
[18:30:37] [DEBUG] [Krobot] Using bot fr.litarvan.testbot.TestBot
[18:30:37] [INFO ] [Krobot] Loading JDA...

[18:30:40] [INFO ] [Krobot] Creating app...
[18:30:41] [INFO ] [Krobot] Loading app...

[18:30:41] [INFO ] [TestBot] Loading TestBot v1.0.0
[18:30:41] [INFO ] [CommandManager] Registered command -> #test <message:string> <nb:number> [opt:user...] 
[18:30:41] [INFO ] [CommandManager] Registered command -> #version 
[18:30:41] [INFO ] [ConfigProvider] Loaded config -> main (/home/litarvan/Documents/Projets/Krobot/New/krobot/config/main.json)
[18:30:41] [INFO ] [ConfigProvider] Loaded config -> test (/home/litarvan/Documents/Projets/Krobot/New/krobot/config/test.json)
[18:30:41] [INFO ] [TestBot] -> Loaded
[18:30:41] [INFO ] [Krobot] -> Started

[18:31:02] [DEBUG] [Command] Parsing command call for -> #test
[18:31:02] [DEBUG] [Command] Handling call of -> #test | with args -> {opt=[user]: {8232, 2586}, nb=[number]: 1, message=[string]: Message}
[18:36:16] [INFO ] [Krobot]                                      
[18:36:16] [INFO ] [Krobot]          .:::::.         -::::::-    
[18:36:16] [INFO ] [Krobot]          hMMMMM:      -dMMMMMMs`     
[18:36:16] [INFO ] [Krobot]         +MMMMMs     oNMMMMMd-        
[18:36:16] [INFO ] [Krobot]        .MMMMMm   -dMMMMMN+           
[18:36:16] [INFO ] [Krobot]        +MMMMMo.yMMMMMNo`             
[18:36:16] [INFO ] [Krobot]        dMMMMMyMMMMMMy`               
[18:36:16] [INFO ] [Krobot]       oMMMMMMMMMMMMMMy               
[18:36:16] [INFO ] [Krobot]       mMMMMMMNs-mMMMMMo              
[18:36:16] [INFO ] [Krobot]      -MMMMMNo`  .NMMMMM+             
[18:36:16] [INFO ] [Krobot]     sMMMMMd       yMMMMMN.           
[18:36:16] [INFO ] [Krobot]    sMMMMM+        `dMMMMMd`          
[18:36:16] [INFO ] [Krobot]    /+++++`         `++++++-          
[18:36:16] [INFO ] [Krobot]                                      
[18:36:16] [INFO ] [Krobot] Starting Krobot v1.0.0
[18:36:16] [DEBUG] [Krobot] Using bot fr.litarvan.testbot.TestBot
[18:36:16] [INFO ] [Krobot] Loading JDA...

[18:36:20] [INFO ] [Krobot] Creating app...
[18:36:21] [INFO ] [Krobot] Loading app...

[18:36:21] [INFO ] [TestBot] Loading TestBot v1.0.0
[18:36:21] [INFO ] [CommandManager] Registered command -> #test <message:string> <nb:number> [opt:user...] 
[18:36:21] [INFO ] [CommandManager] Registered command -> #version 
[18:36:21] [INFO ] [ConfigProvider] Loaded config -> main (/home/litarvan/Documents/Projets/Krobot/New/krobot/config/main.json)
[18:36:21] [INFO ] [ConfigProvider] Loaded config -> test (/home/litarvan/Documents/Projets/Krobot/New/krobot/config/test.json)
[18:36:21] [INFO ] [TestBot] -> Loaded
[18:36:21] [INFO ] [Krobot] -> Started

